<?xml version="1.0"?>
<testsuite name="Chrome 78.0.3904 (Mac OS X 10.15.1)" package="" timestamp="2019-11-06T16:28:18" id="0" hostname="C02VQ88ZHTD6" tests="0" errors="1" failures="0" time="0">
  <properties>
    <property name="browser.fullName" value="Mozilla/5.0 (Macintosh; Intel Mac OS X 10_15_1) AppleWebKit/537.36 (KHTML, like Gecko) Chrome/78.0.3904.87 Safari/537.36"/>
  </properties>
  <system-out>
    <![CDATA[
]]>
  </system-out>
  <system-err/>
</testsuite>